
> @ignite-ui/docs@1.0.0 build
> build-storybook

info @storybook/react v6.5.16
info 
info => Cleaning outputDir: /home/souza/Desktop/WorkSpaceUbuntu/Web/Web Developer/RocketSeat/Ignite-reactJs/new-ignite/Projects/Rocketseat-ignite-reactjs/Project-5/DESIGN-SYSTEM/packages/docs/storybook-static
info => Loading presets
info => Loading custom manager config
info => Compiling manager..
info => Loading custom manager config
vite v4.2.1 building for production...
transforming...
Use of eval in "../../node_modules/telejson/dist/esm/index.js" is strongly discouraged as it poses security risks and may cause issues with minification.
Use of eval in "../../node_modules/telejson/dist/esm/index.js" is strongly discouraged as it poses security risks and may cause issues with minification.
Use of eval in "../../node_modules/@storybook/components/dist/esm/index-681e4b07.js" is strongly discouraged as it poses security risks and may cause issues with minification.
✓ 1465 modules transformed.
rendering chunks...
info => Manager built (29 s)
computing gzip size...
storybook-static/iframe.html                                          13.80 kB
storybook-static/assets/TokensGrid-37594f72.css                        0.44 kB │ gzip:   0.22 kB
storybook-static/assets/es.map.constructor-0df5ce3a.js                 0.30 kB │ gzip:   0.25 kB │ map:     0.79 kB
storybook-static/assets/preview-9bbffafc.js                            0.38 kB │ gzip:   0.29 kB │ map:     0.55 kB
storybook-static/assets/string-1eb47440.js                             0.42 kB │ gzip:   0.32 kB │ map:     1.13 kB
storybook-static/assets/es.string.from-code-point-29f4d5ad.js          0.59 kB │ gzip:   0.44 kB │ map:     2.22 kB
storybook-static/assets/es.regexp.flags-7cca7f40.js                    0.67 kB │ gzip:   0.47 kB │ map:     2.78 kB
storybook-static/assets/client-9119c069.js                             0.72 kB │ gzip:   0.47 kB │ map:     0.94 kB
storybook-static/assets/preview-9d8ce978.js                            0.85 kB │ gzip:   0.53 kB │ map:     7.48 kB
storybook-static/assets/make-decorator-9a57df93.js                     0.91 kB │ gzip:   0.54 kB │ map:     3.11 kB
storybook-static/assets/index-e12bbcad.js                              0.92 kB │ gzip:   0.51 kB │ map:     2.49 kB
storybook-static/assets/TokensGrid-e38d92b8.js                         0.93 kB │ gzip:   0.51 kB │ map:     1.66 kB
storybook-static/assets/jsx-runtime-ec9a6e11.js                        1.15 kB │ gzip:   0.71 kB │ map:     2.23 kB
storybook-static/assets/home.stories-48cf12e2.js                       1.27 kB │ gzip:   0.75 kB │ map:     1.24 kB
storybook-static/assets/radii.stories-7c1ebc63.js                      1.37 kB │ gzip:   0.78 kB │ map:     1.41 kB
storybook-static/assets/space.stories-edad6061.js                      1.38 kB │ gzip:   0.80 kB │ map:     1.45 kB
storybook-static/assets/fonts.stories-02156fb5.js                      1.39 kB │ gzip:   0.79 kB │ map:     1.43 kB
storybook-static/assets/line-height.stories-bdfd3836.js                1.40 kB │ gzip:   0.80 kB │ map:     1.46 kB
storybook-static/assets/font-weights.stories-bf172eb7.js               1.40 kB │ gzip:   0.79 kB │ map:     1.46 kB
storybook-static/assets/font-sizes.stories-fcbc854e.js                 1.40 kB │ gzip:   0.80 kB │ map:     1.48 kB
storybook-static/assets/es.number.to-fixed-37af5609.js                 1.75 kB │ gzip:   1.07 kB │ map:     8.24 kB
storybook-static/assets/preview-09804061.js                            1.94 kB │ gzip:   0.73 kB │ map:     4.31 kB
storybook-static/assets/index-7aca6e27.js                              2.51 kB │ gzip:   1.25 kB │ map:     6.18 kB
storybook-static/assets/renderDocs-7279bcf5.js                         2.76 kB │ gzip:   1.36 kB │ map:     9.81 kB
storybook-static/assets/preview-2a6e7404.js                            4.63 kB │ gzip:   1.79 kB │ map:    17.23 kB
storybook-static/assets/config-cceb609b.js                             5.99 kB │ gzip:   2.41 kB │ map:    20.74 kB
storybook-static/assets/index-c7a1a5ee.js                              7.45 kB │ gzip:   3.07 kB │ map:    15.82 kB
storybook-static/assets/preview-af428929.js                            8.19 kB │ gzip:   1.74 kB │ map:    17.32 kB
storybook-static/assets/colors.stories-b2879827.js                     9.54 kB │ gzip:   4.08 kB │ map:   146.36 kB
storybook-static/assets/preview-5acf7bf0.js                            9.77 kB │ gzip:   3.45 kB │ map:    39.83 kB
storybook-static/assets/preview-7ddc17fd.js                           10.46 kB │ gzip:   4.07 kB │ map:    43.80 kB
storybook-static/assets/GlobalScrollAreaStyles-8793ce4a-320331b8.js   10.65 kB │ gzip:   2.46 kB │ map:    20.92 kB
storybook-static/assets/Button.stories-07ccaf18.js                    19.38 kB │ gzip:   7.59 kB │ map:    44.83 kB
storybook-static/assets/preview-025a720f.js                           27.03 kB │ gzip:   8.55 kB │ map:   105.36 kB
storybook-static/assets/Color-f953d088-dac36fa4.js                    34.49 kB │ gzip:  13.09 kB │ map:   134.07 kB
storybook-static/assets/WithTooltip-167e9982-a758de1a.js              41.23 kB │ gzip:  13.89 kB │ map:   181.18 kB
storybook-static/assets/index-0d339697.js                             61.00 kB │ gzip:  22.30 kB │ map:   273.93 kB
storybook-static/assets/OverlayScrollbars-1355f44c-109a88c6.js        64.75 kB │ gzip:  27.51 kB │ map:   443.64 kB
storybook-static/assets/syntaxhighlighter-b07b042a-4ff7836d.js       117.38 kB │ gzip:  48.88 kB │ map:   468.31 kB
storybook-static/assets/index-696b4475.js                            138.56 kB │ gzip:  45.66 kB │ map:   334.09 kB
storybook-static/assets/config-3d5066a6.js                           410.15 kB │ gzip: 124.31 kB │ map: 1,448.39 kB
storybook-static/assets/Props-6a153ced.js                            421.44 kB │ gzip: 124.20 kB │ map:   904.98 kB
storybook-static/assets/iframe-e108cb48.js                           509.46 kB │ gzip: 145.43 kB │ map: 1,440.67 kB
storybook-static/assets/formatter-0d5cb0eb-8e2ca2b2.js               742.42 kB │ gzip: 239.84 kB │ map: 1,793.44 kB

(!) Some chunks are larger than 500 kBs after minification. Consider:
- Using dynamic import() to code-split the application
- Use build.rollupOptions.output.manualChunks to improve chunking: https://rollupjs.org/configuration-options/#output-manualchunks
- Adjust chunk size limit for this warning via build.chunkSizeWarningLimit.
✓ built in 27.05s
info => Output directory: /home/souza/Desktop/WorkSpaceUbuntu/Web/Web Developer/RocketSeat/Ignite-reactJs/new-ignite/Projects/Rocketseat-ignite-reactjs/Project-5/DESIGN-SYSTEM/packages/docs/storybook-static
